bdw-0512.169121 PSM2_IDENTIFY PSM2 v2.1
bdw-0512.169121 PSM2_IDENTIFY location /lib64/libpsm2.so.2
bdw-0512.169121 PSM2_IDENTIFY build date 2017-10-25 22:45:16+00:00
bdw-0512.169121 PSM2_IDENTIFY src checksum 4a3b39b93920ff4b7cb95ec90a1ff6d6df07d111
bdw-0512.169121 PSM2_IDENTIFY git checksum 61c8d25f4d7248c12cbdab63671a5bd237e81321
bdw-0512.169121 PSM2_IDENTIFY built against driver interface v6.3
bdw-0512.169130 PSM2_IDENTIFY PSM2 v2.1
bdw-0512.169130 PSM2_IDENTIFY location /lib64/libpsm2.so.2
bdw-0512.169130 PSM2_IDENTIFY build date 2017-10-25 22:45:16+00:00
bdw-0512.169130 PSM2_IDENTIFY src checksum 4a3b39b93920ff4b7cb95ec90a1ff6d6df07d111
bdw-0512.169130 PSM2_IDENTIFY git checksum 61c8d25f4d7248c12cbdab63671a5bd237e81321
bdw-0512.169130 PSM2_IDENTIFY built against driver interface v6.3
bdw-0512.169139 PSM2_IDENTIFY PSM2 v2.1
bdw-0512.169139 PSM2_IDENTIFY location /lib64/libpsm2.so.2
bdw-0512.169139 PSM2_IDENTIFY build date 2017-10-25 22:45:16+00:00
bdw-0512.169139 PSM2_IDENTIFY src checksum 4a3b39b93920ff4b7cb95ec90a1ff6d6df07d111
bdw-0512.169139 PSM2_IDENTIFY git checksum 61c8d25f4d7248c12cbdab63671a5bd237e81321
bdw-0512.169139 PSM2_IDENTIFY built against driver interface v6.3
bdw-0512.169151 PSM2_IDENTIFY PSM2 v2.1
bdw-0512.169151 PSM2_IDENTIFY location /lib64/libpsm2.so.2
bdw-0512.169151 PSM2_IDENTIFY build date 2017-10-25 22:45:16+00:00
bdw-0512.169151 PSM2_IDENTIFY src checksum 4a3b39b93920ff4b7cb95ec90a1ff6d6df07d111
bdw-0512.169151 PSM2_IDENTIFY git checksum 61c8d25f4d7248c12cbdab63671a5bd237e81321
bdw-0512.169151 PSM2_IDENTIFY built against driver interface v6.3
bdw-0512.169149 PSM2_IDENTIFY PSM2 v2.1
bdw-0512.169149 PSM2_IDENTIFY location /lib64/libpsm2.so.2
bdw-0512.169149 PSM2_IDENTIFY build date 2017-10-25 22:45:16+00:00
bdw-0512.169149 PSM2_IDENTIFY src checksum 4a3b39b93920ff4b7cb95ec90a1ff6d6df07d111
bdw-0512.169149 PSM2_IDENTIFY git checksum 61c8d25f4d7248c12cbdab63671a5bd237e81321
bdw-0512.169149 PSM2_IDENTIFY built against driver interface v6.3
bdw-0512.169126 PSM2_IDENTIFY PSM2 v2.1
bdw-0512.169126 PSM2_IDENTIFY location /lib64/libpsm2.so.2
bdw-0512.169126 PSM2_IDENTIFY build date 2017-10-25 22:45:16+00:00
bdw-0512.169126 PSM2_IDENTIFY src checksum 4a3b39b93920ff4b7cb95ec90a1ff6d6df07d111
bdw-0512.169126 PSM2_IDENTIFY git checksum 61c8d25f4d7248c12cbdab63671a5bd237e81321
bdw-0512.169126 PSM2_IDENTIFY built against driver interface v6.3
bdw-0512.169132 PSM2_IDENTIFY PSM2 v2.1
bdw-0512.169132 PSM2_IDENTIFY location /lib64/libpsm2.so.2
bdw-0512.169132 PSM2_IDENTIFY build date 2017-10-25 22:45:16+00:00
bdw-0512.169132 PSM2_IDENTIFY src checksum 4a3b39b93920ff4b7cb95ec90a1ff6d6df07d111
bdw-0512.169132 PSM2_IDENTIFY git checksum 61c8d25f4d7248c12cbdab63671a5bd237e81321
bdw-0512.169132 PSM2_IDENTIFY built against driver interface v6.3
bdw-0512.169142 PSM2_IDENTIFY PSM2 v2.1
bdw-0512.169142 PSM2_IDENTIFY location /lib64/libpsm2.so.2
bdw-0512.169142 PSM2_IDENTIFY build date 2017-10-25 22:45:16+00:00
bdw-0512.169142 PSM2_IDENTIFY src checksum 4a3b39b93920ff4b7cb95ec90a1ff6d6df07d111
bdw-0512.169142 PSM2_IDENTIFY git checksum 61c8d25f4d7248c12cbdab63671a5bd237e81321
bdw-0512.169142 PSM2_IDENTIFY built against driver interface v6.3
bdw-0512.169143 PSM2_IDENTIFY PSM2 v2.1
bdw-0512.169143 PSM2_IDENTIFY location /lib64/libpsm2.so.2
bdw-0512.169143 PSM2_IDENTIFY build date 2017-10-25 22:45:16+00:00
bdw-0512.169143 PSM2_IDENTIFY src checksum 4a3b39b93920ff4b7cb95ec90a1ff6d6df07d111
bdw-0512.169143 PSM2_IDENTIFY git checksum 61c8d25f4d7248c12cbdab63671a5bd237e81321
bdw-0512.169143 PSM2_IDENTIFY built against driver interface v6.3
bdw-0512.169130 PSM2_IDENTIFY run-time driver interface v6.3
bdw-0512.169121 PSM2_IDENTIFY run-time driver interface v6.3
bdw-0512.169147 PSM2_IDENTIFY PSM2 v2.1
bdw-0512.169147 PSM2_IDENTIFY location /lib64/libpsm2.so.2
bdw-0512.169147 PSM2_IDENTIFY build date 2017-10-25 22:45:16+00:00
bdw-0512.169147 PSM2_IDENTIFY src checksum 4a3b39b93920ff4b7cb95ec90a1ff6d6df07d111
bdw-0512.169147 PSM2_IDENTIFY git checksum 61c8d25f4d7248c12cbdab63671a5bd237e81321
bdw-0512.169147 PSM2_IDENTIFY built against driver interface v6.3
bdw-0512.169134 PSM2_IDENTIFY PSM2 v2.1
bdw-0512.169134 PSM2_IDENTIFY location /lib64/libpsm2.so.2
bdw-0512.169134 PSM2_IDENTIFY build date 2017-10-25 22:45:16+00:00
bdw-0512.169134 PSM2_IDENTIFY src checksum 4a3b39b93920ff4b7cb95ec90a1ff6d6df07d111
bdw-0512.169134 PSM2_IDENTIFY git checksum 61c8d25f4d7248c12cbdab63671a5bd237e81321
bdw-0512.169134 PSM2_IDENTIFY built against driver interface v6.3
bdw-0512.169139 PSM2_IDENTIFY run-time driver interface v6.3
bdw-0512.169151 PSM2_IDENTIFY run-time driver interface v6.3
bdw-0512.169149 PSM2_IDENTIFY run-time driver interface v6.3
bdw-0512.169128 PSM2_IDENTIFY PSM2 v2.1
bdw-0512.169128 PSM2_IDENTIFY location /lib64/libpsm2.so.2
bdw-0512.169128 PSM2_IDENTIFY build date 2017-10-25 22:45:16+00:00
bdw-0512.169128 PSM2_IDENTIFY src checksum 4a3b39b93920ff4b7cb95ec90a1ff6d6df07d111
bdw-0512.169128 PSM2_IDENTIFY git checksum 61c8d25f4d7248c12cbdab63671a5bd237e81321
bdw-0512.169128 PSM2_IDENTIFY built against driver interface v6.3
bdw-0512.169136 PSM2_IDENTIFY PSM2 v2.1
bdw-0512.169136 PSM2_IDENTIFY location /lib64/libpsm2.so.2
bdw-0512.169136 PSM2_IDENTIFY build date 2017-10-25 22:45:16+00:00
bdw-0512.169136 PSM2_IDENTIFY src checksum 4a3b39b93920ff4b7cb95ec90a1ff6d6df07d111
bdw-0512.169136 PSM2_IDENTIFY git checksum 61c8d25f4d7248c12cbdab63671a5bd237e81321
bdw-0512.169136 PSM2_IDENTIFY built against driver interface v6.3
bdw-0512.169141 PSM2_IDENTIFY PSM2 v2.1
bdw-0512.169141 PSM2_IDENTIFY location /lib64/libpsm2.so.2
bdw-0512.169141 PSM2_IDENTIFY build date 2017-10-25 22:45:16+00:00
bdw-0512.169141 PSM2_IDENTIFY src checksum 4a3b39b93920ff4b7cb95ec90a1ff6d6df07d111
bdw-0512.169141 PSM2_IDENTIFY git checksum 61c8d25f4d7248c12cbdab63671a5bd237e81321
bdw-0512.169141 PSM2_IDENTIFY built against driver interface v6.3
bdw-0512.169135 PSM2_IDENTIFY PSM2 v2.1
bdw-0512.169135 PSM2_IDENTIFY location /lib64/libpsm2.so.2
bdw-0512.169135 PSM2_IDENTIFY build date 2017-10-25 22:45:16+00:00
bdw-0512.169135 PSM2_IDENTIFY src checksum 4a3b39b93920ff4b7cb95ec90a1ff6d6df07d111
bdw-0512.169135 PSM2_IDENTIFY git checksum 61c8d25f4d7248c12cbdab63671a5bd237e81321
bdw-0512.169135 PSM2_IDENTIFY built against driver interface v6.3
bdw-0512.169123 PSM2_IDENTIFY PSM2 v2.1
bdw-0512.169123 PSM2_IDENTIFY location /lib64/libpsm2.so.2
bdw-0512.169123 PSM2_IDENTIFY build date 2017-10-25 22:45:16+00:00
bdw-0512.169123 PSM2_IDENTIFY src checksum 4a3b39b93920ff4b7cb95ec90a1ff6d6df07d111
bdw-0512.169123 PSM2_IDENTIFY git checksum 61c8d25f4d7248c12cbdab63671a5bd237e81321
bdw-0512.169123 PSM2_IDENTIFY built against driver interface v6.3
bdw-0512.169131 PSM2_IDENTIFY PSM2 v2.1
bdw-0512.169131 PSM2_IDENTIFY location /lib64/libpsm2.so.2
bdw-0512.169131 PSM2_IDENTIFY build date 2017-10-25 22:45:16+00:00
bdw-0512.169131 PSM2_IDENTIFY src checksum 4a3b39b93920ff4b7cb95ec90a1ff6d6df07d111
bdw-0512.169131 PSM2_IDENTIFY git checksum 61c8d25f4d7248c12cbdab63671a5bd237e81321
bdw-0512.169131 PSM2_IDENTIFY built against driver interface v6.3
bdw-0512.169138 PSM2_IDENTIFY PSM2 v2.1
bdw-0512.169138 PSM2_IDENTIFY location /lib64/libpsm2.so.2
bdw-0512.169138 PSM2_IDENTIFY build date 2017-10-25 22:45:16+00:00
bdw-0512.169138 PSM2_IDENTIFY src checksum 4a3b39b93920ff4b7cb95ec90a1ff6d6df07d111
bdw-0512.169138 PSM2_IDENTIFY git checksum 61c8d25f4d7248c12cbdab63671a5bd237e81321
bdw-0512.169138 PSM2_IDENTIFY built against driver interface v6.3
bdw-0512.169125 PSM2_IDENTIFY PSM2 v2.1
bdw-0512.169125 PSM2_IDENTIFY location /lib64/libpsm2.so.2
bdw-0512.169125 PSM2_IDENTIFY build date 2017-10-25 22:45:16+00:00
bdw-0512.169125 PSM2_IDENTIFY src checksum 4a3b39b93920ff4b7cb95ec90a1ff6d6df07d111
bdw-0512.169125 PSM2_IDENTIFY git checksum 61c8d25f4d7248c12cbdab63671a5bd237e81321
bdw-0512.169125 PSM2_IDENTIFY built against driver interface v6.3
bdw-0512.169145 PSM2_IDENTIFY PSM2 v2.1
bdw-0512.169145 PSM2_IDENTIFY location /lib64/libpsm2.so.2
bdw-0512.169145 PSM2_IDENTIFY build date 2017-10-25 22:45:16+00:00
bdw-0512.169145 PSM2_IDENTIFY src checksum 4a3b39b93920ff4b7cb95ec90a1ff6d6df07d111
bdw-0512.169145 PSM2_IDENTIFY git checksum 61c8d25f4d7248c12cbdab63671a5bd237e81321
bdw-0512.169145 PSM2_IDENTIFY built against driver interface v6.3
bdw-0512.169146 PSM2_IDENTIFY PSM2 v2.1
bdw-0512.169146 PSM2_IDENTIFY location /lib64/libpsm2.so.2
bdw-0512.169146 PSM2_IDENTIFY build date 2017-10-25 22:45:16+00:00
bdw-0512.169146 PSM2_IDENTIFY src checksum 4a3b39b93920ff4b7cb95ec90a1ff6d6df07d111
bdw-0512.169146 PSM2_IDENTIFY git checksum 61c8d25f4d7248c12cbdab63671a5bd237e81321
bdw-0512.169146 PSM2_IDENTIFY built against driver interface v6.3
bdw-0512.169150 PSM2_IDENTIFY PSM2 v2.1
bdw-0512.169150 PSM2_IDENTIFY location /lib64/libpsm2.so.2
bdw-0512.169150 PSM2_IDENTIFY build date 2017-10-25 22:45:16+00:00
bdw-0512.169150 PSM2_IDENTIFY src checksum 4a3b39b93920ff4b7cb95ec90a1ff6d6df07d111
bdw-0512.169150 PSM2_IDENTIFY git checksum 61c8d25f4d7248c12cbdab63671a5bd237e81321
bdw-0512.169150 PSM2_IDENTIFY built against driver interface v6.3
bdw-0512.169140 PSM2_IDENTIFY PSM2 v2.1
bdw-0512.169140 PSM2_IDENTIFY location /lib64/libpsm2.so.2
bdw-0512.169140 PSM2_IDENTIFY build date 2017-10-25 22:45:16+00:00
bdw-0512.169140 PSM2_IDENTIFY src checksum 4a3b39b93920ff4b7cb95ec90a1ff6d6df07d111
bdw-0512.169140 PSM2_IDENTIFY git checksum 61c8d25f4d7248c12cbdab63671a5bd237e81321
bdw-0512.169140 PSM2_IDENTIFY built against driver interface v6.3
bdw-0512.169144 PSM2_IDENTIFY PSM2 v2.1
bdw-0512.169144 PSM2_IDENTIFY location /lib64/libpsm2.so.2
bdw-0512.169144 PSM2_IDENTIFY build date 2017-10-25 22:45:16+00:00
bdw-0512.169144 PSM2_IDENTIFY src checksum 4a3b39b93920ff4b7cb95ec90a1ff6d6df07d111
bdw-0512.169144 PSM2_IDENTIFY git checksum 61c8d25f4d7248c12cbdab63671a5bd237e81321
bdw-0512.169144 PSM2_IDENTIFY built against driver interface v6.3
bdw-0512.169132 PSM2_IDENTIFY run-time driver interface v6.3
bdw-0512.169124 PSM2_IDENTIFY PSM2 v2.1
bdw-0512.169124 PSM2_IDENTIFY location /lib64/libpsm2.so.2
bdw-0512.169124 PSM2_IDENTIFY build date 2017-10-25 22:45:16+00:00
bdw-0512.169124 PSM2_IDENTIFY src checksum 4a3b39b93920ff4b7cb95ec90a1ff6d6df07d111
bdw-0512.169124 PSM2_IDENTIFY git checksum 61c8d25f4d7248c12cbdab63671a5bd237e81321
bdw-0512.169124 PSM2_IDENTIFY built against driver interface v6.3
bdw-0512.169127 PSM2_IDENTIFY PSM2 v2.1
bdw-0512.169127 PSM2_IDENTIFY location /lib64/libpsm2.so.2
bdw-0512.169127 PSM2_IDENTIFY build date 2017-10-25 22:45:16+00:00
bdw-0512.169127 PSM2_IDENTIFY src checksum 4a3b39b93920ff4b7cb95ec90a1ff6d6df07d111
bdw-0512.169127 PSM2_IDENTIFY git checksum 61c8d25f4d7248c12cbdab63671a5bd237e81321
bdw-0512.169127 PSM2_IDENTIFY built against driver interface v6.3
bdw-0512.169148 PSM2_IDENTIFY PSM2 v2.1
bdw-0512.169148 PSM2_IDENTIFY location /lib64/libpsm2.so.2
bdw-0512.169148 PSM2_IDENTIFY build date 2017-10-25 22:45:16+00:00
bdw-0512.169148 PSM2_IDENTIFY src checksum 4a3b39b93920ff4b7cb95ec90a1ff6d6df07d111
bdw-0512.169148 PSM2_IDENTIFY git checksum 61c8d25f4d7248c12cbdab63671a5bd237e81321
bdw-0512.169148 PSM2_IDENTIFY built against driver interface v6.3
bdw-0512.169126 PSM2_IDENTIFY run-time driver interface v6.3
bdw-0512.169122 PSM2_IDENTIFY PSM2 v2.1
bdw-0512.169122 PSM2_IDENTIFY location /lib64/libpsm2.so.2
bdw-0512.169122 PSM2_IDENTIFY build date 2017-10-25 22:45:16+00:00
bdw-0512.169122 PSM2_IDENTIFY src checksum 4a3b39b93920ff4b7cb95ec90a1ff6d6df07d111
bdw-0512.169122 PSM2_IDENTIFY git checksum 61c8d25f4d7248c12cbdab63671a5bd237e81321
bdw-0512.169122 PSM2_IDENTIFY built against driver interface v6.3
bdw-0512.169129 PSM2_IDENTIFY PSM2 v2.1
bdw-0512.169129 PSM2_IDENTIFY location /lib64/libpsm2.so.2
bdw-0512.169129 PSM2_IDENTIFY build date 2017-10-25 22:45:16+00:00
bdw-0512.169129 PSM2_IDENTIFY src checksum 4a3b39b93920ff4b7cb95ec90a1ff6d6df07d111
bdw-0512.169129 PSM2_IDENTIFY git checksum 61c8d25f4d7248c12cbdab63671a5bd237e81321
bdw-0512.169129 PSM2_IDENTIFY built against driver interface v6.3
bdw-0512.169133 PSM2_IDENTIFY PSM2 v2.1
bdw-0512.169133 PSM2_IDENTIFY location /lib64/libpsm2.so.2
bdw-0512.169133 PSM2_IDENTIFY build date 2017-10-25 22:45:16+00:00
bdw-0512.169133 PSM2_IDENTIFY src checksum 4a3b39b93920ff4b7cb95ec90a1ff6d6df07d111
bdw-0512.169133 PSM2_IDENTIFY git checksum 61c8d25f4d7248c12cbdab63671a5bd237e81321
bdw-0512.169133 PSM2_IDENTIFY built against driver interface v6.3
bdw-0512.169137 PSM2_IDENTIFY PSM2 v2.1
bdw-0512.169137 PSM2_IDENTIFY location /lib64/libpsm2.so.2
bdw-0512.169137 PSM2_IDENTIFY build date 2017-10-25 22:45:16+00:00
bdw-0512.169137 PSM2_IDENTIFY src checksum 4a3b39b93920ff4b7cb95ec90a1ff6d6df07d111
bdw-0512.169137 PSM2_IDENTIFY git checksum 61c8d25f4d7248c12cbdab63671a5bd237e81321
bdw-0512.169137 PSM2_IDENTIFY built against driver interface v6.3
bdw-0512.169152 PSM2_IDENTIFY PSM2 v2.1
bdw-0512.169152 PSM2_IDENTIFY location /lib64/libpsm2.so.2
bdw-0512.169152 PSM2_IDENTIFY build date 2017-10-25 22:45:16+00:00
bdw-0512.169152 PSM2_IDENTIFY src checksum 4a3b39b93920ff4b7cb95ec90a1ff6d6df07d111
bdw-0512.169152 PSM2_IDENTIFY git checksum 61c8d25f4d7248c12cbdab63671a5bd237e81321
bdw-0512.169152 PSM2_IDENTIFY built against driver interface v6.3
bdw-0512.169134 PSM2_IDENTIFY run-time driver interface v6.3
bdw-0512.169128 PSM2_IDENTIFY run-time driver interface v6.3
bdw-0512.169136 PSM2_IDENTIFY run-time driver interface v6.3
bdw-0512.169135 PSM2_IDENTIFY run-time driver interface v6.3
bdw-0512.169143 PSM2_IDENTIFY run-time driver interface v6.3
bdw-0512.169142 PSM2_IDENTIFY run-time driver interface v6.3
bdw-0512.169123 PSM2_IDENTIFY run-time driver interface v6.3
bdw-0512.169147 PSM2_IDENTIFY run-time driver interface v6.3
bdw-0512.169131 PSM2_IDENTIFY run-time driver interface v6.3
bdw-0512.169125 PSM2_IDENTIFY run-time driver interface v6.3
bdw-0512.169124 PSM2_IDENTIFY run-time driver interface v6.3
bdw-0512.169127 PSM2_IDENTIFY run-time driver interface v6.3
bdw-0512.169122 PSM2_IDENTIFY run-time driver interface v6.3
bdw-0512.169129 PSM2_IDENTIFY run-time driver interface v6.3
bdw-0512.169133 PSM2_IDENTIFY run-time driver interface v6.3
bdw-0512.169141 PSM2_IDENTIFY run-time driver interface v6.3
bdw-0512.169138 PSM2_IDENTIFY run-time driver interface v6.3
bdw-0512.169145 PSM2_IDENTIFY run-time driver interface v6.3
bdw-0512.169146 PSM2_IDENTIFY run-time driver interface v6.3
bdw-0512.169140 PSM2_IDENTIFY run-time driver interface v6.3
bdw-0512.169150 PSM2_IDENTIFY run-time driver interface v6.3
bdw-0512.169148 PSM2_IDENTIFY run-time driver interface v6.3
bdw-0512.169144 PSM2_IDENTIFY run-time driver interface v6.3
bdw-0512.169137 PSM2_IDENTIFY run-time driver interface v6.3
bdw-0512.169152 PSM2_IDENTIFY run-time driver interface v6.3

     Program DOS v.6.4 starts on 19Apr2019 at 21:55:25 

     This program is part of the open-source Quantum ESPRESSO suite
     for quantum simulation of materials; please cite
         "P. Giannozzi et al., J. Phys.:Condens. Matter 21 395502 (2009);
         "P. Giannozzi et al., J. Phys.:Condens. Matter 29 465901 (2017);
          URL http://www.quantum-espresso.org", 
     in publications or presentations arising from this work. More details at
     http://www.quantum-espresso.org/quote

     Parallel version (MPI), running on    32 processors

     MPI processes distributed on     1 nodes
     R & G space division:  proc/nbgrp/npool/nimage =      32
     Message from routine read_upf::
     Pseudo file La.pbe-spdfn-rrkjus_psl.1.0.0.UPF has been fixed on the fly.
To avoid this message in the future, permanently fix 
 your pseudo files following these instructions: 
https://gitlab.com/QEF/q-e/blob/master/upftools/how_to_fix_upf.md
     Message from routine read_upf::
     Pseudo file Te.pbe-dn-rrkjus_psl.1.0.0.UPF has been fixed on the fly.
To avoid this message in the future, permanently fix 
 your pseudo files following these instructions: 
https://gitlab.com/QEF/q-e/blob/master/upftools/how_to_fix_upf.md

     IMPORTANT: XC functional enforced from input :
     Exchange-correlation      = PBE ( 1  4  3  4 0 0)
     Any further DFT definition will be discarded
     Please, verify this is what you really want

               file La.pbe-spdfn-rrkjus_psl.1.0.0.UPF: wavefunction(s)  5S 4F renormalized
 
     Parallelization info
     --------------------
     sticks:   dense  smooth     PW     G-vecs:    dense   smooth      PW
     Min         257     128     36                10012     3544     538
     Max         259     130     37                10013     3545     541
     Sum        8239    4123   1181               320405   113427   17255
 

     Gaussian broadening (default values): ngauss,degauss=   0    0.007350

 
     DOS          :      3.72s CPU      4.23s WALL

 
   This run was terminated on:  21:55:29  19Apr2019            

=------------------------------------------------------------------------------=
   JOB DONE.
=------------------------------------------------------------------------------=
